<files>
  <file>/tmp/foo8.svg</file>
  <file>/tmp/foo9.svg</file>
</files>
